<?xml version="1.0" encoding="UTF-8"?>
<!-- Generated by org.testng.reporters.JUnitReportReporter -->
<testsuite skipped="0" hostname="ICPL11592" name="com.ebay.test.SettingTest" tests="1" failures="0" timestamp="05 Feb 2019 10:20:44 GMT" time="41.871" errors="0">
  <testcase name="verifyChangeRegion" time="41.871" classname="com.ebay.test.SettingTest"/>
</testsuite> <!-- com.ebay.test.SettingTest -->
