<?xml version="1.0" encoding="UTF-8"?>
<!-- Generated by org.testng.reporters.JUnitReportReporter -->
<testsuite skipped="0" hostname="ICPL11592" name="com.ebay.test.PurchaseTest" tests="1" failures="0" timestamp="05 Feb 2019 16:34:36 GMT" time="74.354" errors="0">
  <testcase name="purchaseNewProduct" time="74.354" classname="com.ebay.test.PurchaseTest"/>
</testsuite> <!-- com.ebay.test.PurchaseTest -->
